{
  "RSpec": {
    "coverage": {
      "/Users/student/Documents/Projects/Makers/Week-10/Bank-Tech-Test/spec/features/deposits_spec.rb": {
        "lines": [
          1,
          1,
          null,
          1,
          1,
          1,
          1,
          1,
          1,
          1,
          1,
          1,
          null,
          null,
          null
        ]
      },
      "/Users/student/Documents/Projects/Makers/Week-10/Bank-Tech-Test/lib/bank_statement.rb": {
        "lines": [
          1,
          null,
          1,
          6,
          null,
          null,
          1,
          6,
          6,
          7,
          null,
          null,
          null,
          null
        ]
      },
      "/Users/student/Documents/Projects/Makers/Week-10/Bank-Tech-Test/lib/account.rb": {
        "lines": [
          1,
          null,
          1,
          null,
          1,
          12,
          12,
          null,
          null,
          1,
          7,
          null,
          7,
          7,
          null,
          7,
          null,
          null,
          1,
          6,
          null,
          6,
          6,
          null,
          6,
          null,
          null,
          1,
          null,
          1,
          7,
          null,
          null,
          1,
          6,
          null,
          null,
          1,
          26,
          null,
          null,
          null
        ]
      },
      "/Users/student/Documents/Projects/Makers/Week-10/Bank-Tech-Test/spec/features/multiple_transactions_spec.rb": {
        "lines": [
          1,
          1,
          null,
          1,
          1,
          1,
          1,
          1,
          1,
          1,
          1,
          null,
          null,
          1,
          1,
          1,
          1,
          1,
          1,
          1,
          1,
          null,
          null,
          null
        ]
      },
      "/Users/student/Documents/Projects/Makers/Week-10/Bank-Tech-Test/spec/features/print_blank_statement_spec.rb": {
        "lines": [
          1,
          null,
          1,
          1,
          1,
          1,
          1,
          1,
          null,
          null,
          null
        ]
      },
      "/Users/student/Documents/Projects/Makers/Week-10/Bank-Tech-Test/spec/features/withdrawals_spec.rb": {
        "lines": [
          1,
          1,
          null,
          1,
          1,
          1,
          1,
          1,
          1,
          1,
          null,
          null,
          null
        ]
      },
      "/Users/student/Documents/Projects/Makers/Week-10/Bank-Tech-Test/spec/make_deposit_spec.rb": {
        "lines": [
          1,
          null,
          1,
          1,
          1,
          1,
          null,
          1,
          1,
          1,
          1,
          null,
          1,
          1,
          1,
          1,
          1,
          null,
          null
        ]
      },
      "/Users/student/Documents/Projects/Makers/Week-10/Bank-Tech-Test/spec/make_withdrawal_spec.rb": {
        "lines": [
          1,
          null,
          1,
          1,
          1,
          1,
          null,
          1,
          1,
          1,
          1,
          null,
          1,
          1,
          1,
          1,
          1,
          null,
          null
        ]
      },
      "/Users/student/Documents/Projects/Makers/Week-10/Bank-Tech-Test/spec/print_statement_spec.rb": {
        "lines": [
          1,
          1,
          1,
          null,
          1,
          1,
          1,
          1,
          null,
          null,
          null
        ]
      }
    },
    "timestamp": 1585233627
  }
}
